build/app/intermediates/manifest_merge_blame_file/debug/manifest-merger-blame-debug-report.txt
1<?xml version="1.0" encoding="utf-8"?>
2<manifest xmlns:android="http://schemas.android.com/apk/res/android"
3    package="com.example.test_project"
4    android:versionCode="1"
5    android:versionName="1.0.0" >
6
7    <uses-sdk
8        android:minSdkVersion="21"
9        android:targetSdkVersion="31" />
10    <!--
11         The INTERNET permission is required for development. Specifically,
12         the Flutter tool needs it to communicate with the running application
13         to allow setting breakpoints, to provide hot reload, etc.
14    -->
15    <uses-permission android:name="android.permission.INTERNET" />
15-->src\debug\AndroidManifest.xml:7:5-66
15-->src\debug\AndroidManifest.xml:7:22-64
16    <uses-permission android:name="android.permission.ACCESS_FINE_LOCATION" />
16-->src\main\AndroidManifest.xml:37:5-78
16-->src\main\AndroidManifest.xml:37:22-76
17    <uses-permission android:name="android.permission.ACCESS_COARSE_LOCATION" />
17-->src\main\AndroidManifest.xml:38:5-80
17-->src\main\AndroidManifest.xml:38:22-78
18    <uses-permission android:name="android.permission.ACCESS_NETWORK_STATE" />
18-->src\main\AndroidManifest.xml:39:5-79
18-->src\main\AndroidManifest.xml:39:22-76
19
20    <uses-feature
20-->[com.naver.maps:map-sdk:3.9.1] AndroidManifest.xml:11:5-13:35
21        android:glEsVersion="0x00020000"
21-->[com.naver.maps:map-sdk:3.9.1] AndroidManifest.xml:12:9-41
22        android:required="true" />
22-->[com.naver.maps:map-sdk:3.9.1] AndroidManifest.xml:13:9-32
23    <uses-feature
23-->[com.naver.maps:map-sdk:3.9.1] AndroidManifest.xml:14:5-16:36
24        android:name="android.hardware.wifi"
24-->[com.naver.maps:map-sdk:3.9.1] AndroidManifest.xml:15:9-45
25        android:required="false" />
25-->[com.naver.maps:map-sdk:3.9.1] AndroidManifest.xml:16:9-33
26
27    <uses-permission android:name="android.permission.ACCESS_WIFI_STATE" />
27-->[com.naver.maps:map-sdk:3.9.1] AndroidManifest.xml:20:5-76
27-->[com.naver.maps:map-sdk:3.9.1] AndroidManifest.xml:20:22-73
28
29    <application
30        android:name="android.app.Application"
31        android:appComponentFactory="androidx.core.app.CoreComponentFactory"
31-->[androidx.core:core:1.6.0] AndroidManifest.xml:24:18-86
32        android:debuggable="true"
33        android:icon="@mipmap/ic_launcher"
34        android:label="test_project" >
35        <activity
36            android:name="com.example.test_project.MainActivity"
37            android:configChanges="orientation|keyboardHidden|keyboard|screenSize|smallestScreenSize|locale|layoutDirection|fontScale|screenLayout|density|uiMode"
38            android:exported="true"
39            android:hardwareAccelerated="true"
40            android:launchMode="singleTop"
41            android:theme="@style/LaunchTheme"
42            android:windowSoftInputMode="adjustResize" >
43
44            <!--
45                 Specifies an Android theme to apply to this Activity as soon as
46                 the Android process has started. This theme is visible to the user
47                 while the Flutter UI initializes. After that, this theme continues
48                 to determine the Window background behind the Flutter UI.
49            -->
50            <meta-data
51                android:name="io.flutter.embedding.android.NormalTheme"
52                android:resource="@style/NormalTheme" />
53
54            <intent-filter>
55                <action android:name="android.intent.action.MAIN" />
56
57                <category android:name="android.intent.category.LAUNCHER" />
58            </intent-filter>
59        </activity>
60        <!--
61             Don't delete the meta-data below.
62             This is used by the Flutter tool to generate GeneratedPluginRegistrant.java
63        -->
64        <meta-data
65            android:name="flutterEmbedding"
66            android:value="2" />
67        <meta-data
68            android:name="com.naver.maps.map.CLIENT_ID"
69            android:value="3cadk8tzp2" />
70
71        <service
71-->[:cloud_firestore] AndroidManifest.xml:10:9-14:19
72            android:name="com.google.firebase.components.ComponentDiscoveryService"
72-->[:cloud_firestore] AndroidManifest.xml:10:18-89
73            android:directBootAware="true"
73-->[com.google.firebase:firebase-common:20.2.0] AndroidManifest.xml:34:13-43
74            android:exported="false" >
74-->[com.google.firebase:firebase-firestore:24.4.0] AndroidManifest.xml:18:13-37
75            <meta-data
75-->[:cloud_firestore] AndroidManifest.xml:11:13-13:85
76                android:name="com.google.firebase.components:io.flutter.plugins.firebase.firestore.FlutterFirebaseFirestoreRegistrar"
76-->[:cloud_firestore] AndroidManifest.xml:12:17-134
77                android:value="com.google.firebase.components.ComponentRegistrar" />
77-->[:cloud_firestore] AndroidManifest.xml:13:17-82
78            <meta-data
78-->[:firebase_core] AndroidManifest.xml:11:13-13:85
79                android:name="com.google.firebase.components:io.flutter.plugins.firebase.core.FlutterFirebaseCoreRegistrar"
79-->[:firebase_core] AndroidManifest.xml:12:17-124
80                android:value="com.google.firebase.components.ComponentRegistrar" />
80-->[:firebase_core] AndroidManifest.xml:13:17-82
81            <meta-data
81-->[com.google.firebase:firebase-firestore:24.4.0] AndroidManifest.xml:19:13-21:85
82                android:name="com.google.firebase.components:com.google.firebase.firestore.FirestoreRegistrar"
82-->[com.google.firebase:firebase-firestore:24.4.0] AndroidManifest.xml:20:17-111
83                android:value="com.google.firebase.components.ComponentRegistrar" />
83-->[com.google.firebase:firebase-firestore:24.4.0] AndroidManifest.xml:21:17-82
84        </service>
85
86        <uses-library
86-->[androidx.window:window:1.0.0-beta04] AndroidManifest.xml:25:9-27:40
87            android:name="androidx.window.extensions"
87-->[androidx.window:window:1.0.0-beta04] AndroidManifest.xml:26:13-54
88            android:required="false" />
88-->[androidx.window:window:1.0.0-beta04] AndroidManifest.xml:27:13-37
89        <uses-library
89-->[androidx.window:window:1.0.0-beta04] AndroidManifest.xml:28:9-30:40
90            android:name="androidx.window.sidecar"
90-->[androidx.window:window:1.0.0-beta04] AndroidManifest.xml:29:13-51
91            android:required="false" />
91-->[androidx.window:window:1.0.0-beta04] AndroidManifest.xml:30:13-37
92
93        <activity
93-->[com.naver.maps:map-sdk:3.9.1] AndroidManifest.xml:23:9-27:51
94            android:name="com.naver.maps.map.app.LegendActivity"
94-->[com.naver.maps:map-sdk:3.9.1] AndroidManifest.xml:24:13-65
95            android:configChanges="screenSize|smallestScreenSize|screenLayout|orientation"
95-->[com.naver.maps:map-sdk:3.9.1] AndroidManifest.xml:25:13-91
96            android:label="@string/navermap_legend"
96-->[com.naver.maps:map-sdk:3.9.1] AndroidManifest.xml:26:13-52
97            android:theme="@style/navermap_app" />
97-->[com.naver.maps:map-sdk:3.9.1] AndroidManifest.xml:27:13-48
98        <activity
98-->[com.naver.maps:map-sdk:3.9.1] AndroidManifest.xml:28:9-32:51
99            android:name="com.naver.maps.map.app.LegalNoticeActivity"
99-->[com.naver.maps:map-sdk:3.9.1] AndroidManifest.xml:29:13-70
100            android:configChanges="screenSize|smallestScreenSize|screenLayout|orientation"
100-->[com.naver.maps:map-sdk:3.9.1] AndroidManifest.xml:30:13-91
101            android:label="@string/navermap_legal_notice"
101-->[com.naver.maps:map-sdk:3.9.1] AndroidManifest.xml:31:13-58
102            android:theme="@style/navermap_app" />
102-->[com.naver.maps:map-sdk:3.9.1] AndroidManifest.xml:32:13-48
103        <activity
103-->[com.naver.maps:map-sdk:3.9.1] AndroidManifest.xml:33:9-37:51
104            android:name="com.naver.maps.map.app.OpenSourceLicenseActivity"
104-->[com.naver.maps:map-sdk:3.9.1] AndroidManifest.xml:34:13-76
105            android:configChanges="screenSize|smallestScreenSize|screenLayout|orientation"
105-->[com.naver.maps:map-sdk:3.9.1] AndroidManifest.xml:35:13-91
106            android:label="@string/navermap_open_source_license"
106-->[com.naver.maps:map-sdk:3.9.1] AndroidManifest.xml:36:13-65
107            android:theme="@style/navermap_app" />
107-->[com.naver.maps:map-sdk:3.9.1] AndroidManifest.xml:37:13-48
108
109        <provider
109-->[com.google.firebase:firebase-common:20.2.0] AndroidManifest.xml:25:9-30:39
110            android:name="com.google.firebase.provider.FirebaseInitProvider"
110-->[com.google.firebase:firebase-common:20.2.0] AndroidManifest.xml:26:13-77
111            android:authorities="com.example.test_project.firebaseinitprovider"
111-->[com.google.firebase:firebase-common:20.2.0] AndroidManifest.xml:27:13-72
112            android:directBootAware="true"
112-->[com.google.firebase:firebase-common:20.2.0] AndroidManifest.xml:28:13-43
113            android:exported="false"
113-->[com.google.firebase:firebase-common:20.2.0] AndroidManifest.xml:29:13-37
114            android:initOrder="100" />
114-->[com.google.firebase:firebase-common:20.2.0] AndroidManifest.xml:30:13-36
115
116        <activity
116-->[com.google.android.gms:play-services-base:18.0.1] AndroidManifest.xml:20:9-22:45
117            android:name="com.google.android.gms.common.api.GoogleApiActivity"
117-->[com.google.android.gms:play-services-base:18.0.1] AndroidManifest.xml:20:19-85
118            android:exported="false"
118-->[com.google.android.gms:play-services-base:18.0.1] AndroidManifest.xml:22:19-43
119            android:theme="@android:style/Theme.Translucent.NoTitleBar" />
119-->[com.google.android.gms:play-services-base:18.0.1] AndroidManifest.xml:21:19-78
120
121        <meta-data
121-->[com.google.android.gms:play-services-basement:18.1.0] AndroidManifest.xml:21:9-23:69
122            android:name="com.google.android.gms.version"
122-->[com.google.android.gms:play-services-basement:18.1.0] AndroidManifest.xml:22:13-58
123            android:value="@integer/google_play_services_version" />
123-->[com.google.android.gms:play-services-basement:18.1.0] AndroidManifest.xml:23:13-66
124    </application>
125
126</manifest>